2026-03-20 10:53:41,138 - INFO - Data processing started...
2026-03-20 10:53:41,142 - INFO - Successfully loaded 50 rows from CSV
2026-03-20 10:53:41,147 - INFO - Removed duplicates: 0
2026-03-20 10:53:41,148 - INFO - Valid rows remaining: 50
2026-03-20 10:53:41,149 - INFO - Type conversion completed: 50 rows
2026-03-20 10:53:41,158 - INFO - Output file saved to: /Users/chatul/Desktop/Data Ibgineer/Data/summary_by_pathogen.csv
2026-03-20 10:53:41,163 - INFO - Database saved to: /Users/chatul/Desktop/Data Ibgineer/Data/pandemic_data.db
2026-03-20 10:53:41,164 - INFO - Data processing completed successfully!
2026-03-20 11:08:02,595 - INFO - Data processing started...
2026-03-20 11:08:02,597 - INFO - Successfully loaded 50 rows from CSV
2026-03-20 11:08:02,597 - INFO - Removed duplicates: 0
2026-03-20 11:08:02,598 - INFO - Valid rows remaining: 50
2026-03-20 11:08:02,598 - INFO - Type conversion completed: 50 rows
2026-03-20 11:08:02,682 - INFO - Output file saved to: /Users/chatul/Desktop/Data Ibgineer/Data/summary_by_pathogen.csv
2026-03-20 11:08:02,605 - INFO - Database saved to: /Users/chatul/Desktop/Data Ibgineer/Data/pandemic_data.db
2026-03-20 11:08:02,607 - INFO - Data processing completed successfully!
2026-03-20 11:08:26,124 - INFO - Data processing started...
2026-03-20 11:08:26,127 - INFO - Successfully loaded 50 rows from CSV
2026-03-20 11:08:26,130 - INFO - Removed duplicates: 0
2026-03-20 11:08:26,131 - INFO - Valid rows remaining: 50
2026-03-20 11:08:26,132 - INFO - Type conversion completed: 50 rows
2026-03-20 11:08:26,138 - INFO - Output file saved to: /Users/chatul/Desktop/Data Ibgineer/Data/summary_by_pathogen.csv
2026-03-20 11:08:26,143 - INFO - Database saved to: /Users/chatul/Desktop/Data Ibgineer/Data/pandemic_data.db
2026-03-20 11:08:26,145 - INFO - Data processing completed successfully!
2026-03-20 11:19:38,227 - INFO - Data processing started...
2026-03-20 11:19:38,232 - INFO - Successfully loaded 50 rows from CSV
2026-03-20 11:19:38,236 - INFO - Removed duplicates: 0
2026-03-20 11:19:38,236 - INFO - Type conversion completed: 50 rows
2026-03-20 11:19:38,237 - INFO - Output file saved to: /Users/chatul/Desktop/Data Ibgineer/Data/summary_by_pathogen.csv
2026-03-20 11:19:38,252 - INFO - Database saved to: /Users/chatul/Desktop/Data Ibgineer/Data/pandemic_data.db
2026-03-20 11:19:38,254 - INFO - Data processing completed successfully!
2026-03-20 11:41:48,253 - INFO - Data processing started...
2026-03-20 11:41:48,257 - INFO - Successfully loaded 50 rows from CSV
2026-03-20 11:41:48,261 - INFO - Removed duplicates: 0
2026-03-20 11:41:48,262 - INFO - Valid rows remaining: 50
